<?xml version="1.0" encoding="UTF-8" ?>
<testsuite tests="1" failures="0" name="com.hong.tools.MybatisSQLGenerator.MybatisSQLGenerator.AppTest" time="0.002" errors="0" skipped="0">
  <properties>
    <property name="java.runtime.name" value="Java(TM) SE Runtime Environment"/>
    <property name="sun.boot.library.path" value="D:\developTool\java8\jre\bin"/>
    <property name="java.vm.version" value="25.131-b11"/>
    <property name="java.vm.vendor" value="Oracle Corporation"/>
    <property name="maven.multiModuleProjectDirectory" value="D:\workspace\github\tools\MybatisSQLGenerator"/>
    <property name="java.vendor.url" value="http://java.oracle.com/"/>
    <property name="path.separator" value=";"/>
    <property name="guice.disable.misplaced.annotation.check" value="true"/>
    <property name="java.vm.name" value="Java HotSpot(TM) 64-Bit Server VM"/>
    <property name="file.encoding.pkg" value="sun.io"/>
    <property name="user.script" value=""/>
    <property name="user.country" value="CN"/>
    <property name="sun.java.launcher" value="SUN_STANDARD"/>
    <property name="sun.os.patch.level" value=""/>
    <property name="java.vm.specification.name" value="Java Virtual Machine Specification"/>
    <property name="user.dir" value="D:\workspace\github\tools\MybatisSQLGenerator"/>
    <property name="java.runtime.version" value="1.8.0_131-b11"/>
    <property name="java.awt.graphicsenv" value="sun.awt.Win32GraphicsEnvironment"/>
    <property name="java.endorsed.dirs" value="D:\developTool\java8\jre\lib\endorsed"/>
    <property name="os.arch" value="amd64"/>
    <property name="java.io.tmpdir" value="C:\Users\mc\AppData\Local\Temp\"/>
    <property name="line.separator" value="
"/>
    <property name="java.vm.specification.vendor" value="Oracle Corporation"/>
    <property name="user.variant" value=""/>
    <property name="os.name" value="Windows 10"/>
    <property name="classworlds.conf" value="D:\workspace\github\.metadata\.plugins\org.eclipse.m2e.launching\launches\m2conf3807546971300407109.tmp"/>
    <property name="jansi.force" value="true"/>
    <property name="sun.jnu.encoding" value="GBK"/>
    <property name="java.library.path" value="D:\developTool\java8\bin;C:\WINDOWS\Sun\Java\bin;C:\WINDOWS\system32;C:\WINDOWS;D:/developTool/java8/bin/../jre/bin/server;D:/developTool/java8/bin/../jre/bin;D:/developTool/java8/bin/../jre/lib/amd64;C:\Users\mc\AppData\Local\Programs\Python\Python37\Scripts\;C:\Users\mc\AppData\Local\Programs\Python\Python37\;C:\Program Files\Microsoft MPI\Bin\;C:\WINDOWS\system32;C:\WINDOWS;C:\WINDOWS\System32\Wbem;C:\WINDOWS\System32\WindowsPowerShell\v1.0\;D:\developTool\apache-maven-3.3.9\bin;D:\developTool\java8\bin;D:\developTool\java8\jre\bin;D:\Program Files\TortoiseSVN\bin;d:\Program Files\Git\cmd;D:\Program Files\TortoiseGit\bin;C:\Program Files\dotnet\;D:\developTool\mysql-8.0.13\bin;C:\Program Files\nodejs\;C:\Program Files\MongoDB\Server\4.0\bin;D:\developTool\kotlinc\bin;D:\developTool\go\bin;C:\Users\mc\AppData\Local\Microsoft\WindowsApps;D:\Program Files\Bandizip\;D:\Program Files (x86)\Fiddler;C:\Users\mc\AppData\Local\Programs\Microsoft VS Code\bin;C:\Users\mc\AppData\Roaming\npm;D:\developTool\PyCharmCE20190101\bin;C:\Users\mc\AppData\Local\GitHubDesktop\bin;C:\Users\mc\go\bin;D:\developTool\spring-boot-cli-1.3.0.RELEASE-bin\spring-1.3.0.RELEASE\bin;D:\developTool\sts-4.2.1;;."/>
    <property name="jansi.passthrough" value="true"/>
    <property name="java.specification.name" value="Java Platform API Specification"/>
    <property name="java.class.version" value="52.0"/>
    <property name="sun.management.compiler" value="HotSpot 64-Bit Tiered Compilers"/>
    <property name="os.version" value="10.0"/>
    <property name="user.home" value="C:\Users\mc"/>
    <property name="user.timezone" value="Asia/Shanghai"/>
    <property name="java.awt.printerjob" value="sun.awt.windows.WPrinterJob"/>
    <property name="java.specification.version" value="1.8"/>
    <property name="file.encoding" value="UTF-8"/>
    <property name="user.name" value="mc"/>
    <property name="java.class.path" value="D:\developTool\apache-maven-3.3.9\boot\plexus-classworlds-2.5.2.jar"/>
    <property name="java.vm.specification.version" value="1.8"/>
    <property name="sun.arch.data.model" value="64"/>
    <property name="java.home" value="D:\developTool\java8\jre"/>
    <property name="sun.java.command" value="org.codehaus.plexus.classworlds.launcher.Launcher -B -gs D:\developTool\apache-maven-3.3.9\conf\settings.xml -s D:\developTool\apache-maven-3.3.9\conf\settings.xml assembly:assembly -Dstyle.color=always"/>
    <property name="java.specification.vendor" value="Oracle Corporation"/>
    <property name="user.language" value="zh"/>
    <property name="awt.toolkit" value="sun.awt.windows.WToolkit"/>
    <property name="java.vm.info" value="mixed mode"/>
    <property name="java.version" value="1.8.0_131"/>
    <property name="java.ext.dirs" value="D:\developTool\java8\jre\lib\ext;C:\WINDOWS\Sun\Java\lib\ext"/>
    <property name="sun.boot.class.path" value="D:\developTool\java8\jre\lib\resources.jar;D:\developTool\java8\jre\lib\rt.jar;D:\developTool\java8\jre\lib\sunrsasign.jar;D:\developTool\java8\jre\lib\jsse.jar;D:\developTool\java8\jre\lib\jce.jar;D:\developTool\java8\jre\lib\charsets.jar;D:\developTool\java8\jre\lib\jfr.jar;D:\developTool\java8\jre\classes"/>
    <property name="java.vendor" value="Oracle Corporation"/>
    <property name="maven.home" value="D:\developTool\apache-maven-3.3.9"/>
    <property name="style.color" value="always"/>
    <property name="file.separator" value="\"/>
    <property name="java.vendor.url.bug" value="http://bugreport.sun.com/bugreport/"/>
    <property name="sun.cpu.endian" value="little"/>
    <property name="sun.io.unicode.encoding" value="UnicodeLittle"/>
    <property name="sun.desktop" value="windows"/>
    <property name="sun.cpu.isalist" value="amd64"/>
  </properties>
  <testcase classname="com.hong.tools.MybatisSQLGenerator.MybatisSQLGenerator.AppTest" name="testApp" time="0.002"/>
</testsuite>